<?xml version="1.0" encoding="UTF-8"?>
<!-- Generated by org.testng.reporters.JUnitXMLReporter -->
<testsuite ignored="0" hostname="DESKTOP-E0A3S66" failures="0" tests="3" name="LoginPage Test_FF_89" time="20.225" errors="0" timestamp="27 Jun 2021 05:47:14 GMT">
  <testcase classname="com.qa.hubspot.tests.LoginPageTest" name="verifyLoginPageTitleTest" time="0.09"/>
  <testcase classname="com.qa.hubspot.tests.LoginPageTest" name="verifyForgotPwdLinkTest" time="1.713"/>
  <testcase classname="com.qa.hubspot.tests.LoginPageTest" name="loginTest" time="8.865"/>
</testsuite> <!-- LoginPage Test_FF_89 -->
